\BOOKMARK [0][-]{chapter.1}{\376\377\000\105\000\146\000\146\000\151\000\143\000\151\000\145\000\156\000\164\000\040\000\111\000\156\000\156\000\145\000\162\000\040\000\120\000\162\000\157\000\144\000\165\000\143\000\164\000\040\000\105\000\156\000\143\000\162\000\171\000\160\000\164\000\151\000\157\000\156\000\040\000\146\000\162\000\157\000\155\000\040\000\114\000\127\000\105\000\040\000\146\000\157\000\162\000\040\000\146\000\151\000\156\000\145\000\055\000\147\000\162\000\141\000\151\000\156\000\145\000\144\000\040\000\141\000\143\000\143\000\145\000\163\000\163\000\040\000\143\000\157\000\156\000\164\000\162\000\157\000\154}{}% 1
\BOOKMARK [1][-]{section.1.1}{\376\377\000\111\000\156\000\164\000\162\000\157\000\144\000\165\000\143\000\164\000\151\000\157\000\156}{chapter.1}% 2
\BOOKMARK [2][-]{subsection.1.1.1}{\376\377\000\117\000\165\000\162\000\040\000\103\000\157\000\156\000\164\000\162\000\151\000\142\000\165\000\164\000\151\000\157\000\156\000\163}{section.1.1}% 3
\BOOKMARK [2][-]{subsection.1.1.2}{\376\377\000\117\000\165\000\162\000\040\000\124\000\145\000\143\000\150\000\156\000\151\000\161\000\165\000\145\000\163}{section.1.1}% 4
\BOOKMARK [2][-]{subsection.1.1.3}{\376\377\000\103\000\157\000\155\000\160\000\141\000\162\000\151\000\163\000\157\000\156\000\040\000\167\000\151\000\164\000\150\000\040\000\160\000\162\000\151\000\157\000\162\000\040\000\167\000\157\000\162\000\153}{section.1.1}% 5
\BOOKMARK [1][-]{section.1.2}{\376\377\000\120\000\162\000\145\000\154\000\151\000\155\000\151\000\156\000\141\000\162\000\151\000\145\000\163}{chapter.1}% 6
\BOOKMARK [2][-]{subsection.1.2.1}{\376\377\000\111\000\156\000\156\000\145\000\162\000\040\000\120\000\162\000\157\000\144\000\165\000\143\000\164\000\040\000\105\000\156\000\143\000\162\000\171\000\160\000\164\000\151\000\157\000\156}{section.1.2}% 7
\BOOKMARK [2][-]{subsection.1.2.2}{\376\377\000\114\000\141\000\164\000\164\000\151\000\143\000\145\000\040\000\102\000\141\000\143\000\153\000\147\000\162\000\157\000\165\000\156\000\144}{section.1.2}% 8
\BOOKMARK [2][-]{subsection.1.2.3}{\376\377\000\122\000\141\000\156\000\144\000\157\000\155\000\156\000\145\000\163\000\163\000\040\000\105\000\170\000\164\000\162\000\141\000\143\000\164\000\151\000\157\000\156}{section.1.2}% 9
\BOOKMARK [2][-]{subsection.1.2.4}{\376\377\000\114\000\145\000\141\000\162\000\156\000\151\000\156\000\147\000\040\000\127\000\151\000\164\000\150\000\040\000\105\000\162\000\162\000\157\000\162\000\163}{section.1.2}% 10
\BOOKMARK [2][-]{subsection.1.2.5}{\376\377\000\124\000\167\000\157\000\055\000\123\000\151\000\144\000\145\000\144\000\040\000\124\000\162\000\141\000\160\000\144\000\157\000\157\000\162\000\163\000\040\000\141\000\156\000\144\000\040\000\123\000\141\000\155\000\160\000\154\000\151\000\156\000\147\000\040\000\101\000\154\000\147\000\157\000\162\000\151\000\164\000\150\000\155\000\163}{section.1.2}% 11
\BOOKMARK [1][-]{section.1.3}{\376\377\000\107\000\141\000\144\000\147\000\145\000\164\000\040\000\115\000\141\000\164\000\162\000\151\000\143\000\145\000\163\000\040\000\141\000\156\000\144\000\040\000\107\000\141\000\144\000\147\000\145\000\164\000\055\000\102\000\141\000\163\000\145\000\144\000\040\000\115\000\141\000\164\000\162\000\151\000\170\000\040\000\117\000\160\000\145\000\162\000\141\000\164\000\151\000\157\000\156\000\163}{chapter.1}% 12
\BOOKMARK [2][-]{subsection.1.3.1}{\376\377\000\115\000\141\000\164\000\162\000\151\000\170\000\040\000\117\000\160\000\145\000\162\000\141\000\164\000\151\000\157\000\156\000\163\000\040\000\167\000\151\000\164\000\150\000\040\000\107\000\040\000\166\000\151\000\141\000\040\000\164\000\150\000\145\000\040\000\106\000\154\000\141\000\164\000\164\000\145\000\156\000\151\000\156\000\147\000\040\000\106\000\165\000\156\000\143\000\164\000\151\000\157\000\156\000\040\000\107\000\055\000\061}{section.1.3}% 13
\BOOKMARK [2][-]{subsection.1.3.2}{\376\377\000\116\000\157\000\156\000\055\000\102\000\151\000\156\000\141\000\162\000\171\000\040\000\107\000\141\000\144\000\147\000\145\000\164\000\163\000\040\000\107\000\156\000\054\000\162\000\054\000\155\000\040\000\141\000\156\000\144\000\040\000\106\000\165\000\156\000\143\000\164\000\151\000\157\000\156\000\040\000\107\000\055\000\061\000\156\000\047\000\054\000\162\000\047\000\054\000\155\000\047\000\050\000\056\000\051}{section.1.3}% 14
\BOOKMARK [2][-]{subsection.1.3.3}{\376\377\000\106\000\165\000\162\000\164\000\150\000\145\000\162\000\040\000\107\000\141\000\144\000\147\000\145\000\164\000\055\000\102\000\141\000\163\000\145\000\144\000\040\000\115\000\141\000\164\000\162\000\151\000\170\000\040\000\115\000\165\000\154\000\164\000\151\000\160\000\154\000\151\000\143\000\141\000\164\000\151\000\157\000\156\000\040\000\117\000\160\000\145\000\162\000\141\000\164\000\151\000\157\000\156\000\163}{section.1.3}% 15
\BOOKMARK [1][-]{section.1.4}{\376\377\000\117\000\165\000\162\000\040\000\115\000\141\000\151\000\156\000\040\000\103\000\157\000\156\000\163\000\164\000\162\000\165\000\143\000\164\000\151\000\157\000\156}{chapter.1}% 16
\BOOKMARK [2][-]{subsection.1.4.1}{\376\377\000\103\000\157\000\156\000\163\000\164\000\162\000\165\000\143\000\164\000\151\000\157\000\156}{section.1.4}% 17
\BOOKMARK [2][-]{subsection.1.4.2}{\376\377\000\103\000\157\000\162\000\162\000\145\000\143\000\164\000\156\000\145\000\163\000\163}{section.1.4}% 18
\BOOKMARK [2][-]{subsection.1.4.3}{\376\377\000\123\000\145\000\143\000\165\000\162\000\151\000\164\000\171}{section.1.4}% 19
\BOOKMARK [2][-]{subsection.1.4.4}{\376\377\000\120\000\141\000\162\000\141\000\155\000\145\000\164\000\145\000\162\000\040\000\123\000\145\000\164\000\164\000\151\000\156\000\147}{section.1.4}% 20
\BOOKMARK [1][-]{section.1.5}{\376\377\000\103\000\157\000\156\000\143\000\154\000\165\000\163\000\151\000\157\000\156\000\040\000\141\000\156\000\144\000\040\000\117\000\160\000\145\000\156\000\040\000\120\000\162\000\157\000\142\000\154\000\145\000\155\000\163}{chapter.1}% 21
\BOOKMARK [1][-]{section.A.1}{\376\377\000\110\000\151\000\145\000\162\000\141\000\162\000\143\000\150\000\151\000\143\000\141\000\154\000\040\000\111\000\156\000\156\000\145\000\162\000\055\000\120\000\162\000\157\000\144\000\165\000\143\000\164\000\040\000\105\000\156\000\143\000\162\000\171\000\160\000\164\000\151\000\157\000\156}{chapter.1}% 22
\BOOKMARK [2][-]{subsection.A.1.1}{\376\377\000\117\000\165\000\162\000\040\000\110\000\111\000\120\000\105\000\040\000\123\000\143\000\150\000\145\000\155\000\145}{section.A.1}% 23
\BOOKMARK [1][-]{section.A.2}{\376\377\000\106\000\165\000\172\000\172\000\171\000\040\000\111\000\144\000\145\000\156\000\164\000\151\000\164\000\171\000\055\000\142\000\141\000\163\000\145\000\144\000\040\000\105\000\156\000\143\000\162\000\171\000\160\000\164\000\151\000\157\000\156}{chapter.1}% 24
\BOOKMARK [2][-]{subsection.A.2.1}{\376\377\000\117\000\165\000\162\000\040\000\106\000\111\000\102\000\105\000\040\000\163\000\143\000\150\000\145\000\155\000\145}{section.A.2}% 25
