This is pdfTeX, Version 3.1415926-1.40.11 (MiKTeX 2.9) (preloaded format=pdflatex 2015.2.5)  13 APR 2017 20:26
entering extended mode
**C:/Users/dell/Documents/GitHub/latest-version/LNCS.tex
(C:/Users/dell/Documents/GitHub/latest-version/LNCS.tex
LaTeX2e <2009/09/24>
Babel <v3.8l> and hyphenation patterns for loaded.
(C:\Users\dell\Documents\GitHub\latest-version\llncs.cls
Document Class: llncs 2013/09/27 v2.18 
 LaTeX document class for Lecture Notes in Computer Science
(D:\CTEX\MiKTeX\tex\latex\base\article.cls
Document Class: article 2007/10/19 v1.4h Standard LaTeX document class
(D:\CTEX\MiKTeX\tex\latex\base\size10.clo
File: size10.clo 2007/10/19 v1.4h Standard LaTeX file (size option)
)
\c@part=\count79
\c@section=\count80
\c@subsection=\count81
\c@subsubsection=\count82
\c@paragraph=\count83
\c@subparagraph=\count84
\c@figure=\count85
\c@table=\count86
\abovecaptionskip=\skip41
\belowcaptionskip=\skip42
\bibindent=\dimen102
)
(D:\CTEX\MiKTeX\tex\latex\tools\multicol.sty
Package: multicol 2008/12/05 v1.6h multicolumn formatting (FMi)
\c@tracingmulticols=\count87
\mult@box=\box26
\multicol@leftmargin=\dimen103
\c@unbalance=\count88
\c@collectmore=\count89
\doublecol@number=\count90
\multicoltolerance=\count91
\multicolpretolerance=\count92
\full@width=\dimen104
\page@free=\dimen105
\premulticols=\dimen106
\postmulticols=\dimen107
\multicolsep=\skip43
\multicolbaselineskip=\skip44
\partial@page=\box27
\last@line=\box28
\mult@rightbox=\box29
\mult@grightbox=\box30
\mult@gfirstbox=\box31
\mult@firstbox=\box32
\@tempa=\box33
\@tempa=\box34
\@tempa=\box35
\@tempa=\box36
\@tempa=\box37
\@tempa=\box38
\@tempa=\box39
\@tempa=\box40
\@tempa=\box41
\@tempa=\box42
\@tempa=\box43
\@tempa=\box44
\@tempa=\box45
\@tempa=\box46
\@tempa=\box47
\@tempa=\box48
\@tempa=\box49
\c@columnbadness=\count93
\c@finalcolumnbadness=\count94
\last@try=\dimen108
\multicolovershoot=\dimen109
\multicolundershoot=\dimen110
\mult@nat@firstbox=\box50
\colbreak@box=\box51
)
(D:\CTEX\MiKTeX\tex\latex\oberdiek\aliascnt.sty
Package: aliascnt 2009/09/08 v1.3 Alias counter (HO)

(D:\CTEX\MiKTeX\tex\latex\carlisle\remreset.sty))
\c@chapter=\count95
LaTeX Font Info:    Redeclaring math symbol \Gamma on input line 362.
LaTeX Font Info:    Redeclaring math symbol \Delta on input line 363.
LaTeX Font Info:    Redeclaring math symbol \Theta on input line 364.
LaTeX Font Info:    Redeclaring math symbol \Lambda on input line 365.
LaTeX Font Info:    Redeclaring math symbol \Xi on input line 366.
LaTeX Font Info:    Redeclaring math symbol \Pi on input line 367.
LaTeX Font Info:    Redeclaring math symbol \Sigma on input line 368.
LaTeX Font Info:    Redeclaring math symbol \Upsilon on input line 369.
LaTeX Font Info:    Redeclaring math symbol \Phi on input line 370.
LaTeX Font Info:    Redeclaring math symbol \Psi on input line 371.
LaTeX Font Info:    Redeclaring math symbol \Omega on input line 372.
\tocchpnum=\dimen111
\tocsecnum=\dimen112
\tocsectotal=\dimen113
\tocsubsecnum=\dimen114
\tocsubsectotal=\dimen115
\tocsubsubsecnum=\dimen116
\tocsubsubsectotal=\dimen117
\tocparanum=\dimen118
\tocparatotal=\dimen119
\tocsubparanum=\dimen120
\@tempcntc=\count96
\fnindent=\dimen121
\c@@inst=\count97
\c@@auth=\count98
\c@auco=\count99
\instindent=\dimen122
\authrun=\box52
\authorrunning=\toks14
\tocauthor=\toks15
\titrun=\box53
\titlerunning=\toks16
\toctitle=\toks17
\c@theorem=\count100
\c@case=\count101
\c@conjecture=\count102
\c@corollary=\count103
\c@definition=\count104
\c@example=\count105
\c@exercise=\count106
\c@lemma=\count107
\c@note=\count108
\c@problem=\count109
\c@property=\count110
\c@proposition=\count111
\c@question=\count112
\c@solution=\count113
\c@remark=\count114
\headlineindent=\dimen123
)
(C:\Users\dell\Documents\GitHub\latest-version\llncsdoc.sty)
(D:\CTEX\MiKTeX\tex\latex\ltxmisc\url.sty
\Urlmuskip=\muskip10
Package: url 2006/04/12  ver 3.3  Verb mode for urls, etc.
)
(D:\CTEX\MiKTeX\tex\latex\psnfss\times.sty
Package: times 2005/04/12 PSNFSS-v9.2a (SPQR) 
)
(D:\CTEX\MiKTeX\tex\latex\amsfonts\amssymb.sty
Package: amssymb 2009/06/22 v3.00

(D:\CTEX\MiKTeX\tex\latex\amsfonts\amsfonts.sty
Package: amsfonts 2009/06/22 v3.00 Basic AMSFonts support
\@emptytoks=\toks18
\symAMSa=\mathgroup4
\symAMSb=\mathgroup5
LaTeX Font Info:    Overwriting math alphabet `\mathfrak' in version `bold'
(Font)                  U/euf/m/n --> U/euf/b/n on input line 96.
))
(D:\CTEX\MiKTeX\tex\latex\ams\math\amsmath.sty
Package: amsmath 2000/07/18 v2.13 AMS math features
\@mathmargin=\skip45

For additional information on amsmath, use the `?' option.
(D:\CTEX\MiKTeX\tex\latex\ams\math\amstext.sty
Package: amstext 2000/06/29 v2.01

(D:\CTEX\MiKTeX\tex\latex\ams\math\amsgen.sty
File: amsgen.sty 1999/11/30 v2.0
\@emptytoks=\toks19
\ex@=\dimen124
))
(D:\CTEX\MiKTeX\tex\latex\ams\math\amsbsy.sty
Package: amsbsy 1999/11/29 v1.2d
\pmbraise@=\dimen125
)
(D:\CTEX\MiKTeX\tex\latex\ams\math\amsopn.sty
Package: amsopn 1999/12/14 v2.01 operator names
)
\inf@bad=\count115
LaTeX Info: Redefining \frac on input line 211.
\uproot@=\count116
\leftroot@=\count117
LaTeX Info: Redefining \overline on input line 307.
\classnum@=\count118
\DOTSCASE@=\count119
LaTeX Info: Redefining \ldots on input line 379.
LaTeX Info: Redefining \dots on input line 382.
LaTeX Info: Redefining \cdots on input line 467.
\Mathstrutbox@=\box54
\strutbox@=\box55
\big@size=\dimen126
LaTeX Font Info:    Redeclaring font encoding OML on input line 567.
LaTeX Font Info:    Redeclaring font encoding OMS on input line 568.


Package amsmath Warning: Unable to redefine math accent \vec.

\macc@depth=\count120
\c@MaxMatrixCols=\count121
\dotsspace@=\muskip11
\c@parentequation=\count122
\dspbrk@lvl=\count123
\tag@help=\toks20
\row@=\count124
\column@=\count125
\maxfields@=\count126
\andhelp@=\toks21
\eqnshift@=\dimen127
\alignsep@=\dimen128
\tagshift@=\dimen129
\tagwidth@=\dimen130
\totwidth@=\dimen131
\lineht@=\dimen132
\@envbody=\toks22
\multlinegap=\skip46
\multlinetaggap=\skip47
\mathdisplay@stack=\toks23
LaTeX Info: Redefining \[ on input line 2666.
LaTeX Info: Redefining \] on input line 2667.
) (D:\CTEX\MiKTeX\tex\latex\chemarrow\chemarrow.sty
\z@=\dimen133
\z@skip=\skip48
\autotop=\dimen134
\autobottom=\dimen135
\autosize=\dimen136
)
(D:\CTEX\MiKTeX\tex\latex\extarrows\extarrows.sty
Package: extarrows 2008/05/15 v1.0b Some extensible arrows
)
(D:\CTEX\MiKTeX\tex\latex\graphics\graphicx.sty
Package: graphicx 1999/02/16 v1.0f Enhanced LaTeX Graphics (DPC,SPQR)

(D:\CTEX\MiKTeX\tex\latex\graphics\keyval.sty
Package: keyval 1999/03/16 v1.13 key=value parser (DPC)
\KV@toks@=\toks24
)
(D:\CTEX\MiKTeX\tex\latex\graphics\graphics.sty
Package: graphics 2009/02/05 v1.0o Standard LaTeX Graphics (DPC,SPQR)

(D:\CTEX\MiKTeX\tex\latex\graphics\trig.sty
Package: trig 1999/03/16 v1.09 sin cos tan (DPC)
)
(D:\CTEX\MiKTeX\tex\latex\00miktex\graphics.cfg
File: graphics.cfg 2007/01/18 v1.5 graphics configuration of teTeX/TeXLive
)
Package graphics Info: Driver file: pdftex.def on input line 91.

(D:\CTEX\MiKTeX\tex\latex\pdftex-def\pdftex.def
File: pdftex.def 2010/11/26 v0.05c Graphics/color for pdfTeX
\Gread@gobject=\count127
))
\Gin@req@height=\dimen137
\Gin@req@width=\dimen138
)
(D:\CTEX\MiKTeX\tex\latex\tools\enumerate.sty
Package: enumerate 1999/03/05 v3.00 enumerate extensions (DPC)
\@enLab=\toks25
)
(D:\CTEX\MiKTeX\tex\latex\enumitem\enumitem.sty
Package: enumitem 2009/05/18 v2.2 Customized lists
\enit@toks=\toks26
\labelindent=\skip49
\enit@outerparindent=\dimen139
\enitdp@desc=\count128
)
(D:\CTEX\MiKTeX\tex\latex\framed\framed.sty
Package: framed 2007/10/04 v 0.95: framed or shaded text with page breaks
\fb@frw=\dimen140
\fb@frh=\dimen141
\FrameRule=\dimen142
\FrameSep=\dimen143
)
(D:\CTEX\MiKTeX\tex\latex\xcolor\xcolor.sty
Package: xcolor 2007/01/21 v2.11 LaTeX color extensions (UK)

(D:\CTEX\MiKTeX\tex\latex\00miktex\color.cfg
File: color.cfg 2007/01/18 v1.5 color configuration of teTeX/TeXLive
)
Package xcolor Info: Driver file: pdftex.def on input line 225.
Package xcolor Info: Model `cmy' substituted by `cmy0' on input line 1337.
Package xcolor Info: Model `hsb' substituted by `rgb' on input line 1341.
Package xcolor Info: Model `RGB' extended on input line 1353.
Package xcolor Info: Model `HTML' substituted by `rgb' on input line 1355.
Package xcolor Info: Model `Hsb' substituted by `hsb' on input line 1356.
Package xcolor Info: Model `tHsb' substituted by `hsb' on input line 1357.
Package xcolor Info: Model `HSB' substituted by `hsb' on input line 1358.
Package xcolor Info: Model `Gray' substituted by `gray' on input line 1359.
Package xcolor Info: Model `wave' substituted by `hsb' on input line 1360.
)
(D:\CTEX\MiKTeX\tex\latex\tools\xspace.sty
Package: xspace 2006/05/08 v1.12 Space after command names (DPC,MH)
)
(D:\CTEX\MiKTeX\tex\latex\hyperref\hyperref.sty
Package: hyperref 2010/11/26 v6.81v Hypertext links for LaTeX

(D:\CTEX\MiKTeX\tex\generic\oberdiek\ltxcmds.sty
Package: ltxcmds 2010/04/26 v1.7 LaTeX kernel commands for general use (HO)
)
(D:\CTEX\MiKTeX\tex\generic\oberdiek\ifpdf.sty
Package: ifpdf 2010/01/28 v2.1 Provides the ifpdf switch (HO)
Package ifpdf Info: pdfTeX in pdf mode detected.
)
(D:\CTEX\MiKTeX\tex\generic\oberdiek\pdftexcmds.sty
Package: pdftexcmds 2010/04/01 v0.9 Utility functions of pdfTeX for LuaTeX (HO)


(D:\CTEX\MiKTeX\tex\generic\oberdiek\infwarerr.sty
Package: infwarerr 2010/04/08 v1.3 Providing info/warning/message (HO)
)
(D:\CTEX\MiKTeX\tex\generic\oberdiek\ifluatex.sty
Package: ifluatex 2010/03/01 v1.3 Provides the ifluatex switch (HO)
Package ifluatex Info: LuaTeX not detected.
)
Package pdftexcmds Info: LuaTeX not detected.
Package pdftexcmds Info: \pdf@primitive is available.
Package pdftexcmds Info: \pdf@ifprimitive is available.
)
(D:\CTEX\MiKTeX\tex\generic\oberdiek\kvsetkeys.sty
Package: kvsetkeys 2010/03/01 v1.9 Key value parser (HO)

(D:\CTEX\MiKTeX\tex\generic\oberdiek\etexcmds.sty
Package: etexcmds 2010/01/28 v1.3 Prefix for e-TeX command names (HO)
Package etexcmds Info: Could not find \expanded.
(etexcmds)             That can mean that you are not using pdfTeX 1.50 or
(etexcmds)             that some package has redefined \expanded.
(etexcmds)             In the latter case, load this package earlier.
))
(D:\CTEX\MiKTeX\tex\generic\oberdiek\pdfescape.sty
Package: pdfescape 2010/03/01 v1.9 Provides hex, PDF name and string conversion
s (HO)
)
(D:\CTEX\MiKTeX\tex\generic\oberdiek\ifvtex.sty
Package: ifvtex 2010/03/01 v1.5 Switches for detecting VTeX and its modes (HO)
Package ifvtex Info: VTeX not detected.
)
(D:\CTEX\MiKTeX\tex\generic\ifxetex\ifxetex.sty
Package: ifxetex 2010/09/12 v0.6 Provides ifxetex conditional
)
(D:\CTEX\MiKTeX\tex\latex\oberdiek\hycolor.sty
Package: hycolor 2009/12/12 v1.6 Color options of hyperref/bookmark (HO)

(D:\CTEX\MiKTeX\tex\latex\oberdiek\xcolor-patch.sty
Package: xcolor-patch 2009/12/12 xcolor patch
))
(D:\CTEX\MiKTeX\tex\latex\oberdiek\letltxmacro.sty
Package: letltxmacro 2008/06/24 v1.3 Let assignment for LaTeX macros (HO)
)
(D:\CTEX\MiKTeX\tex\latex\oberdiek\kvoptions.sty
Package: kvoptions 2010/02/22 v3.7 Keyval support for LaTeX options (HO)
)
\@linkdim=\dimen144
\Hy@linkcounter=\count129
\Hy@pagecounter=\count130

(D:\CTEX\MiKTeX\tex\latex\hyperref\pd1enc.def
File: pd1enc.def 2010/11/26 v6.81v Hyperref: PDFDocEncoding definition (HO)
)
(D:\CTEX\MiKTeX\tex\generic\oberdiek\intcalc.sty
Package: intcalc 2007/09/27 v1.1 Expandable integer calculations (HO)
)
\Hy@SavedSpaceFactor=\count131

(D:\CTEX\MiKTeX\tex\latex\00miktex\hyperref.cfg
File: hyperref.cfg 2002/06/06 v1.2 hyperref configuration of TeXLive
)
Package hyperref Info: Hyper figures OFF on input line 3993.
Package hyperref Info: Link nesting OFF on input line 3998.
Package hyperref Info: Hyper index ON on input line 4001.
Package hyperref Info: Plain pages OFF on input line 4008.
Package hyperref Info: Backreferencing OFF on input line 4013.
Package hyperref Info: Implicit mode ON; LaTeX internals redefined.
Package hyperref Info: Bookmarks ON on input line 4228.
\c@Hy@tempcnt=\count132
LaTeX Info: Redefining \url on input line 4583.

(D:\CTEX\MiKTeX\tex\generic\oberdiek\bitset.sty
Package: bitset 2007/09/28 v1.0 Data type bit set (HO)

(D:\CTEX\MiKTeX\tex\generic\oberdiek\bigintcalc.sty
Package: bigintcalc 2007/11/11 v1.1 Expandable big integer calculations (HO)
))
\Fld@menulength=\count133
\Field@Width=\dimen145
\Fld@charsize=\dimen146
Package hyperref Info: Hyper figures OFF on input line 5667.
Package hyperref Info: Link nesting OFF on input line 5672.
Package hyperref Info: Hyper index ON on input line 5675.
Package hyperref Info: backreferencing OFF on input line 5682.
Package hyperref Info: Link coloring OFF on input line 5687.
Package hyperref Info: Link coloring with OCG OFF on input line 5692.
Package hyperref Info: PDF/A mode OFF on input line 5697.
LaTeX Info: Redefining \ref on input line 5737.
LaTeX Info: Redefining \pageref on input line 5741.

(D:\CTEX\MiKTeX\tex\generic\oberdiek\atbegshi.sty
Package: atbegshi 2010/03/25 v1.12 At begin shipout hook (HO)
)
\Hy@abspage=\count134
\c@Item=\count135
\c@Hfootnote=\count136
)

Package hyperref Message: Driver (autodetected): hpdftex.

(D:\CTEX\MiKTeX\tex\latex\hyperref\hpdftex.def
File: hpdftex.def 2010/11/26 v6.81v Hyperref driver for pdfTeX

(D:\CTEX\MiKTeX\tex\latex\oberdiek\atveryend.sty
Package: atveryend 2010/03/24 v1.5 Hooks at very end of document (HO)
Package atveryend Info: \enddocument detected (standard).
)
\Fld@listcount=\count137
\c@bookmark@seq@number=\count138

(D:\CTEX\MiKTeX\tex\latex\oberdiek\rerunfilecheck.sty
Package: rerunfilecheck 2010/03/16 v1.6 Rerun checks for auxiliary files (HO)

(D:\CTEX\MiKTeX\tex\generic\oberdiek\uniquecounter.sty
Package: uniquecounter 2009/12/18 v1.1 Provides unlimited unique counter (HO)
)
Package uniquecounter Info: New unique counter `rerunfilecheck' on input line 2
71.
)
\Hy@SectionHShift=\skip50
)
(D:\CTEX\MiKTeX\tex\latex\float\float.sty
Package: float 2001/11/08 v1.3d Float enhancements (AL)
\c@float@type=\count139
\float@exts=\toks27
\float@box=\box56
\@float@everytoks=\toks28
\@floatcapt=\box57
)
(D:\CTEX\MiKTeX\tex\latex\subfigure\subfigure.sty
Package: subfigure 2002/07/30 v2.1.4 subfigure package
\subfigtopskip=\skip51
\subfigcapskip=\skip52
\subfigcaptopadj=\dimen147
\subfigbottomskip=\skip53
\subfigcapmargin=\dimen148
\subfiglabelskip=\skip54
\c@subfigure=\count140
\c@lofdepth=\count141
\c@subtable=\count142
\c@lotdepth=\count143

****************************************
* Local config file subfigure.cfg used *
****************************************
(D:\CTEX\MiKTeX\tex\latex\subfigure\subfigure.cfg)
\subfig@top=\skip55
\subfig@bottom=\skip56
)
(C:\Users\dell\Documents\GitHub\latest-version\lattice.tex)
(C:\Users\dell\Documents\GitHub\latest-version\crypto.tex)
(C:\Users\dell\Documents\GitHub\latest-version\LNCS.aux)
LaTeX Font Info:    Checking defaults for OML/cmm/m/it on input line 38.
LaTeX Font Info:    ... okay on input line 38.
LaTeX Font Info:    Checking defaults for T1/cmr/m/n on input line 38.
LaTeX Font Info:    ... okay on input line 38.
LaTeX Font Info:    Checking defaults for OT1/cmr/m/n on input line 38.
LaTeX Font Info:    ... okay on input line 38.
LaTeX Font Info:    Checking defaults for OMS/cmsy/m/n on input line 38.
LaTeX Font Info:    ... okay on input line 38.
LaTeX Font Info:    Checking defaults for OMX/cmex/m/n on input line 38.
LaTeX Font Info:    ... okay on input line 38.
LaTeX Font Info:    Checking defaults for U/cmr/m/n on input line 38.
LaTeX Font Info:    ... okay on input line 38.
LaTeX Font Info:    Checking defaults for PD1/pdf/m/n on input line 38.
LaTeX Font Info:    ... okay on input line 38.
LaTeX Font Info:    Try loading font information for OT1+ptm on input line 38.

(D:\CTEX\MiKTeX\tex\latex\psnfss\ot1ptm.fd
File: ot1ptm.fd 2001/06/04 font definitions for OT1/ptm.
)
(D:\CTEX\MiKTeX\tex\context\base\supp-pdf.mkii
[Loading MPS to PDF converter (version 2006.09.02).]
\scratchcounter=\count144
\scratchdimen=\dimen149
\scratchbox=\box58
\nofMPsegments=\count145
\nofMParguments=\count146
\everyMPshowfont=\toks29
\MPscratchCnt=\count147
\MPscratchDim=\dimen150
\MPnumerator=\count148
\everyMPtoPDFconversion=\toks30
)
\AtBeginShipoutBox=\box59
Package hyperref Info: Link coloring OFF on input line 38.
 (D:\CTEX\MiKTeX\tex\latex\hyperref\nameref.sty
Package: nameref 2010/04/30 v2.40 Cross-referencing by name of section

(D:\CTEX\MiKTeX\tex\latex\oberdiek\refcount.sty
Package: refcount 2008/08/11 v3.1 Data extraction from references (HO)
)
(D:\CTEX\MiKTeX\tex\generic\oberdiek\gettitlestring.sty
Package: gettitlestring 2009/12/18 v1.3 Cleanup title references (HO)
)
\c@section@level=\count149
)
LaTeX Info: Redefining \ref on input line 38.
LaTeX Info: Redefining \pageref on input line 38.
LaTeX Info: Redefining \nameref on input line 38.

(C:\Users\dell\Documents\GitHub\latest-version\LNCS.out)
(C:\Users\dell\Documents\GitHub\latest-version\LNCS.out)
\@outlinefile=\write3
LaTeX Font Info:    Font shape `OT1/ptm/bx/n' in size <14.4> not available
(Font)              Font shape `OT1/ptm/b/n' tried instead on input line 46.
LaTeX Font Info:    Try loading font information for U+msa on input line 46.

(D:\CTEX\MiKTeX\tex\latex\amsfonts\umsa.fd
File: umsa.fd 2009/06/22 v3.00 AMS symbols A
)
LaTeX Font Info:    Try loading font information for U+msb on input line 46.

(D:\CTEX\MiKTeX\tex\latex\amsfonts\umsb.fd
File: umsb.fd 2009/06/22 v3.00 AMS symbols B
)
LaTeX Font Info:    Font shape `OT1/ptm/bx/n' in size <9> not available
(Font)              Font shape `OT1/ptm/b/n' tried instead on input line 47.

(C:\Users\dell\Documents\GitHub\latest-version\intro.tex
LaTeX Font Info:    Font shape `OT1/ptm/bx/n' in size <12> not available
(Font)              Font shape `OT1/ptm/b/n' tried instead on input line 1.
 [1

{D:/CTEX/UserData/pdftex/config/pdftex.map{Unicode.sfd}{UGBK.sfd}}]
Overfull \hbox (12.70383pt too wide) in paragraph at lines 8--9
\OT1/ptm/m/n/10 based on the L-WE as-sump-tion, and X-a-gawa  [[]] im-proved th
e ef-fi-cien-cy of [AFV11]'s
 []

LaTeX Font Info:    Font shape `OT1/ptm/bx/n' in size <10> not available
(Font)              Font shape `OT1/ptm/b/n' tried instead on input line 10.

Underfull \hbox (badness 10000) in paragraph at lines 15--16

 []


Underfull \hbox (badness 10000) in paragraph at lines 16--17

 []

[2]
Overfull \hbox (5.32272pt too wide) in paragraph at lines 37--39
\OT1/ptm/m/n/10 For a pred-i-cate vec-tor $[] \OMS/cmsy/m/n/10 2 \U/msb/m/n/10 
Z[]$\OT1/ptm/m/n/10 , the de-cryp-tion map-ping $\OML/cmm/m/it/10 F[]\OT1/cmr/m
/n/10 ([][]\OML/cmm/m/it/10 ; :::; [][]\OT1/cmr/m/n/10 ) = ([][]\OML/cmm/m/it/1
0 ; []H\OT1/cmr/m/n/10 (\OML/cmm/m/it/10 v[]\OT1/cmr/m/n/10 ) \OMS/cmsy/m/n/10
 
 []


Underfull \hbox (badness 10000) in paragraph at lines 39--43

 []

[3]
Overfull \hbox (4.8605pt too wide) in paragraph at lines 60--62
\OT1/ptm/m/n/10 Similarly, we de-fine $\OT1/cmr/bx/n/10 V[] \OT1/cmr/m/n/10 = [
\OT1/cmr/bx/n/10 V[]\OML/cmm/m/it/10 ; :::; \OT1/cmr/bx/n/10 V[]\OT1/cmr/m/n/10
 ][]$\OT1/ptm/m/n/10 , and set $\OT1/cmr/bx/n/10 V \OT1/cmr/m/n/10 = \OT1/cmr/b
x/n/10 G[]\OT1/cmr/m/n/10 (\OT1/cmr/bx/n/10 V[]G[]\OT1/cmr/m/n/10 ) \OMS/cmsy/m
/n/10 2 \OT1/cmr/m/n/10 [\OML/cmm/m/it/10 `[]\OT1/cmr/m/n/10 ][]$\OT1/ptm/m/n/1
0 .
 []


Underfull \hbox (badness 10000) in paragraph at lines 64--66

 []

[4]) (C:\Users\dell\Documents\GitHub\latest-version\prelim.tex
Overfull \hbox (1.54276pt too wide) in paragraph at lines 5--8
\OT1/ptm/m/n/10 We re-cal-l the syn-tax and se-cu-ri-ty def-i-ni-tion of \OT1/p
tm/m/it/10 in-ner prod-uc-t en-cryp-tion \OT1/ptm/m/n/10 (IPE)  [[]].
 []

[5pdfTeX warning (ext4): destination with the same identifier (name{table.1.1})
 has been already used, duplicate ignored

\AtBegShi@Output ...ipout \box \AtBeginShipoutBox 
                                                  \fi \fi 
l.8  \item $
            \setup(1^\secparam)$: On input the security parameter $\secparam...
] [6]
Overfull \hbox (1.99977pt too wide) in paragraph at lines 55--57
[]\OT1/ptm/b/n/10 ([[]]). []\OT1/ptm/m/it/10 Sup-pose that $\OML/cmm/m/it/10 m 
> \OT1/cmr/m/n/10 (\OML/cmm/m/it/10 n \OT1/cmr/m/n/10 + 1) [] \OML/cmm/m/it/10 
q \OT1/cmr/m/n/10 + \OML/cmm/m/it/10 !\OT1/cmr/m/n/10 ([] \OML/cmm/m/it/10 n\OT
1/cmr/m/n/10 )$\OT1/ptm/m/it/10 . Let $\OT1/cmr/bx/n/10 R \OMS/cmsy/m/n/10 2 f 
\OT1/cmr/m/n/10 1\OML/cmm/m/it/10 ; \OT1/cmr/m/n/10 1\OMS/cmsy/m/n/10 g[]$
 []

[7]
Underfull \hbox (badness 10000) in paragraph at lines 99--100

 []


Underfull \hbox (badness 10000) in paragraph at lines 105--106

 []

[8]
Underfull \hbox (badness 10000) in paragraph at lines 111--112

 []


Underfull \hbox (badness 10000) in paragraph at lines 118--119

 []

) (C:\Users\dell\Documents\GitHub\latest-version\Gadget.tex

Package hyperref Warning: Token not allowed in a PDF string (PDFDocEncoding):
(hyperref)                removing `math shift' on input line 3.


Package hyperref Warning: Token not allowed in a PDF string (PDFDocEncoding):
(hyperref)                removing `math shift' on input line 3.


Package hyperref Warning: Token not allowed in a PDF string (PDFDocEncoding):
(hyperref)                removing `math shift' on input line 3.


Package hyperref Warning: Token not allowed in a PDF string (PDFDocEncoding):
(hyperref)                removing `superscript' on input line 3.


Package hyperref Warning: Token not allowed in a PDF string (PDFDocEncoding):
(hyperref)                removing `math shift' on input line 3.

Missing character: There is no £ in font ptmr7t!
Missing character: There is no ¬ in font ptmr7t!
[9]

Package hyperref Warning: Token not allowed in a PDF string (PDFDocEncoding):
(hyperref)                removing `math shift' on input line 11.


Package hyperref Warning: Token not allowed in a PDF string (PDFDocEncoding):
(hyperref)                removing `math shift' on input line 11.


Package hyperref Warning: Token not allowed in a PDF string (PDFDocEncoding):
(hyperref)                removing `math shift' on input line 11.


Package hyperref Warning: Token not allowed in a PDF string (PDFDocEncoding):
(hyperref)                removing `subscript' on input line 11.


Package hyperref Warning: Token not allowed in a PDF string (PDFDocEncoding):
(hyperref)                removing `math shift' on input line 11.


Package hyperref Warning: Token not allowed in a PDF string (PDFDocEncoding):
(hyperref)                removing `math shift' on input line 11.


Package hyperref Warning: Token not allowed in a PDF string (PDFDocEncoding):
(hyperref)                removing `math shift' on input line 11.


Package hyperref Warning: Token not allowed in a PDF string (PDFDocEncoding):
(hyperref)                removing `math shift' on input line 11.


Package hyperref Warning: Token not allowed in a PDF string (PDFDocEncoding):
(hyperref)                removing `superscript' on input line 11.


Package hyperref Warning: Token not allowed in a PDF string (PDFDocEncoding):
(hyperref)                removing `subscript' on input line 11.


Package hyperref Warning: Token not allowed in a PDF string (PDFDocEncoding):
(hyperref)                removing `superscript' on input line 11.


Package hyperref Warning: Token not allowed in a PDF string (PDFDocEncoding):
(hyperref)                removing `superscript' on input line 11.


Package hyperref Warning: Token not allowed in a PDF string (PDFDocEncoding):
(hyperref)                removing `superscript' on input line 11.


Package hyperref Warning: Token not allowed in a PDF string (PDFDocEncoding):
(hyperref)                removing `math shift' on input line 11.


Overfull \hbox (9.19353pt too wide) in paragraph at lines 18--19
[]\OT1/ptm/m/n/10 We now in-tro-duce a re-lat-ed func-tion - the Batch Change-o
f-Base func-tion $\OT1/cmr/bx/n/10 G[]\OT1/cmr/m/n/10 (\OML/cmm/m/it/10 :\OT1/c
mr/m/n/10 )$
 []

[10]) (C:\Users\dell\Documents\GitHub\latest-version\scheme.tex
Underfull \hbox (badness 10000) in paragraph at lines 9--10

 []


Underfull \hbox (badness 10000) in paragraph at lines 10--11

 []

[11]
Underfull \hbox (badness 10000) in paragraph at lines 28--29

 []


Overfull \hbox (24.1454pt too wide) in paragraph at lines 30--31
[]\OT1/ptm/m/n/10 Using the mas-ter se-cret key $[] \OT1/cmr/m/n/10 = (\OT1/cmr
/bx/n/10 T[]\OML/cmm/m/it/10 ; \OT1/cmr/m/n/10 )$\OT1/ptm/m/n/10 , com-pute $[
] \OMS/cmsy/m/n/10  $ $[]$ \OT1/ptm/m/n/10 ($[]\OML/cmm/m/it/10 ; \OT1/cmr/bx/n
/10 T[]\OML/cmm/m/it/10 ; \OT1/cmr/bx/n/10 U\OML/cmm/m/it/10 ; []; $\OT1/ptm/m
/n/10 ).
 []


Underfull \hbox (badness 10000) in paragraph at lines 35--36

 []


Underfull \hbox (badness 10000) in paragraph at lines 36--37

 []


Underfull \hbox (badness 10000) in paragraph at lines 37--38

 []


Underfull \hbox (badness 10000) in paragraph at lines 54--55

 []


Underfull \hbox (badness 10000) in paragraph at lines 55--56

 []

[12] [13]
Underfull \hbox (badness 10000) in paragraph at lines 100--101

 []


Underfull \hbox (badness 10000) in paragraph at lines 101--102

 []


Underfull \hbox (badness 10000) in paragraph at lines 113--114

 []


Underfull \hbox (badness 10000) in paragraph at lines 122--124

 []

[14]
Underfull \hbox (badness 10000) in paragraph at lines 138--139

 []


Overfull \hbox (13.55183pt too wide) in paragraph at lines 139--142
\OT1/ptm/m/n/10 In $[]$ the chal-lenge ci-pher-tex-t com-po-nents $[][]$ is $[]
[] \OT1/cmr/m/n/10 = [][](\OT1/cmr/bx/n/10 AR[] \OMS/cmsy/m/n/10   \OT1/cmr/bx/
n/10 W[]G[] \OT1/cmr/m/n/10 +
 []


Overfull \hbox (3.25177pt too wide) in paragraph at lines 155--156
\OT1/ptm/m/n/10 The dis-tri-bu-tion on the left hand side of (15) is the dis-tr
i-bu-tion of $\OT1/cmr/m/n/10 ([]\OML/cmm/m/it/10 ; [][]\OT1/cmr/m/n/10 )$ \OT1
/ptm/m/n/10 in $[]$,
 []

[15]
Underfull \hbox (badness 10000) in paragraph at lines 175--176

 []


Underfull \hbox (badness 10000) in paragraph at lines 176--177

 []


Overfull \hbox (5.97238pt too wide) in paragraph at lines 177--178
[]$[] []$\OT1/ptm/m/n/10 : Let $[][] \OT1/cmr/m/n/10 = [][]\OT1/cmr/bx/n/10 R[]
$\OT1/ptm/m/n/10 (using the $\OT1/cmr/bx/n/10 R[] \OMS/cmsy/m/n/10 2 []$\OT1/pt
m/m/n/10 ). Out-put $\OT1/cmr/m/n/10 ([][]\OML/cmm/m/it/10 ; [][]; c[]\OT1/cmr/
m/n/10 )$\OT1/ptm/m/n/10 . 
 []


Overfull \hbox (6.17595pt too wide) in paragraph at lines 188--188
[]\OT1/ptm/m/n/10 We con-clude that any ef-fi-cien-t ad-ver-sary that can dis-t
in-guish $[]$ from $[]$
 []

[16] [17pdfTeX warning (ext4): destination with the same identifier (name{table
.1.2}) has been already used, duplicate ignored

\AtBegShi@Output ...ipout \box \AtBeginShipoutBox 
                                                  \fi \fi 
l.241  \end{equation}
                     ]
Underfull \hbox (badness 10000) in paragraph at lines 242--243

 []

) (C:\Users\dell\Documents\GitHub\latest-version\conclu.tex
Overfull \hbox (16.12431pt too wide) in paragraph at lines 248--1
[]\OT1/ptm/m/n/10 Using the tag-based sam-pling al-go-rithm-s of [[]] in place 
of [[]]'s $[]$
 []

)
Underfull \hbox (badness 10000) in paragraph at lines 2--64

 []

(C:\Users\dell\Documents\GitHub\latest-version\LNCS.bbl [18] [19]) [20]
Overfull \hbox (2.90279pt too wide) in paragraph at lines 86--90
\OT1/ptm/b/n/10 Correctness. \OT1/ptm/m/n/10 For al-l cor-rect-ly gen-er-at-ed 
$[]$ and $[][]$, gen-er-ate $\OML/cmm/m/it/10 c [] []\OT1/cmr/m/n/10 ([]\OML/cm
m/m/it/10 ; m; [] 
 []


Underfull \hbox (badness 10000) in paragraph at lines 86--90

 []


Overfull \hbox (1.58754pt too wide) in paragraph at lines 90--91
[]$\OMS/cmsy/m/n/10 A$ \OT1/ptm/m/n/10 out-put-s chal-lenge at-tribute vec-tors
 $\OML/cmm/m/it/10 X[] \OT1/cmr/m/n/10 = ([][]\OML/cmm/m/it/10 ; ::::; [][]\OT1
/cmr/m/n/10 )\OML/cmm/m/it/10 ; X[] \OT1/cmr/m/n/10 = ([][]\OML/cmm/m/it/10 ; :
:::; [] 
 []

[21]
Underfull \hbox (badness 10000) in paragraph at lines 124--125

 []


Underfull \hbox (badness 10000) in paragraph at lines 125--126

 []

[22]
Underfull \hbox (badness 10000) in paragraph at lines 133--134

 []


Underfull \hbox (badness 10000) in paragraph at lines 134--135

 []


Underfull \hbox (badness 10000) in paragraph at lines 135--136

 []


Underfull \hbox (badness 10000) in paragraph at lines 147--148

 []


Underfull \hbox (badness 10000) in paragraph at lines 148--149

 []


Underfull \hbox (badness 10000) in paragraph at lines 149--150

 []


Underfull \hbox (badness 10000) in paragraph at lines 150--151

 []


Overfull \hbox (17.10605pt too wide) in paragraph at lines 153--155
$[]\OT1/cmr/m/n/10 ([]\OML/cmm/m/it/10 ; [][]; \OT1/cmr/bx/n/10 V[]\OT1/cmr/m/n
/10 )$\OT1/ptm/m/n/10 : On in-put $[]$, a de-cryp-tion key $[][] \OT1/cmr/m/n/1
0 = \OT1/cmr/bx/n/10 E[]$\OT1/ptm/m/n/10 , where $[] \OT1/cmr/m/n/10 = ([][]\OM
L/cmm/m/it/10 ; :::; [][]\OT1/cmr/m/n/10 )$\OT1/ptm/m/n/10 ,
 []


Underfull \hbox (badness 10000) in paragraph at lines 164--165

 []

[23]
Underfull \hbox (badness 10000) in paragraph at lines 171--175

 []

[24]
Underfull \hbox (badness 10000) in paragraph at lines 194--198

 []


Underfull \hbox (badness 10000) in paragraph at lines 222--223

 []


Overfull \hbox (25.61983pt too wide) in paragraph at lines 223--224
[]\OT1/ptm/m/n/10 Using the mas-ter se-cret key $[] \OT1/cmr/m/n/10 = (\OT1/cmr
/bx/n/10 T[]\OML/cmm/m/it/10 ; \OT1/cmr/m/n/10 )$\OT1/ptm/m/n/10 , com-pute $[
] \OMS/cmsy/m/n/10  $ $[]$ \OT1/ptm/m/n/10 ($\OT1/cmr/bx/n/10 A\OML/cmm/m/it/10
 ; \OT1/cmr/bx/n/10 T[]\OML/cmm/m/it/10 ; \OT1/cmr/bx/n/10 U\OML/cmm/m/it/10 ; 
[]; $\OT1/ptm/m/n/10 ).
 []

[25]
Underfull \hbox (badness 10000) in paragraph at lines 229--230

 []


Underfull \hbox (badness 10000) in paragraph at lines 230--231

 []


Underfull \hbox (badness 10000) in paragraph at lines 231--232

 []


Overfull \hbox (29.95602pt too wide) detected at line 237
[]\OT1/cmr/bx/n/10 W[] \OT1/cmr/m/n/10 = [] \OMS/cmsy/m/n/10 2 \U/msb/m/n/10 Z[
]\OML/cmm/m/it/10 ;  [] [] []\OT1/cmr/bx/n/10 W[] \OT1/cmr/m/n/10 = \OT1/cmr/bx
/n/10 W[] \OMS/cmsy/m/n/10  \OT1/cmr/bx/n/10 G[] \OMS/cmsy/m/n/10 2 \U/msb/m/n
/10 Z[]\OML/cmm/m/it/10 :
 []


Underfull \hbox (badness 10000) in paragraph at lines 246--247

 []


Underfull \hbox (badness 10000) in paragraph at lines 247--248

 []


Underfull \hbox (badness 10000) in paragraph at lines 250--256

 []


Underfull \hbox (badness 10000) in paragraph at lines 250--256

 []

[26]
Overfull \hbox (13.49123pt too wide) in paragraph at lines 256--257
[]\OT1/ptm/m/it/10 The FIBE scheme above is s-e-lec-tive-ly se-cure pro-vid-ed 
that decision-$[][]$
 []

Package atveryend Info: Empty hook `BeforeClearDocument' on input line 288.
[27]
Package atveryend Info: Empty hook `AfterLastShipout' on input line 288.
 (C:\Users\dell\Documents\GitHub\latest-version\LNCS.aux)
Package atveryend Info: Executing hook `AtVeryEndDocument' on input line 288.
Package rerunfilecheck Info: File `LNCS.out' has not changed.
(rerunfilecheck)             Checksum: 63C60AF7D6FD973BD755A97B6F72D837;1991.
 ) 
Here is how much of TeX's memory you used:
 7346 strings out of 495362
 101499 string characters out of 3184024
 219174 words of memory out of 3000000
 10120 multiletter control sequences out of 15000+200000
 33549 words of font info for 78 fonts, out of 3000000 for 9000
 14 hyphenation exceptions out of 8191
 31i,26n,35p,1124b,534s stack positions out of 5000i,500n,10000p,200000b,50000s
{D:/CTEX/MiKTeX/fonts/enc/dvips/fontname/8r.enc}<D:/CTEX/MiKTeX/fonts/type1/p
ublic/amsfonts/cmextra/cmbsy5.pfb><D:/CTEX/MiKTeX/fonts/type1/public/amsfonts/c
mextra/cmbsy7.pfb><D:/CTEX/MiKTeX/fonts/type1/public/amsfonts/cm/cmbx10.pfb><D:
/CTEX/MiKTeX/fonts/type1/public/amsfonts/cm/cmbx7.pfb><D:/CTEX/MiKTeX/fonts/typ
e1/public/amsfonts/cm/cmex10.pfb><D:/CTEX/MiKTeX/fonts/type1/public/amsfonts/cm
/cmmi10.pfb><D:/CTEX/MiKTeX/fonts/type1/public/amsfonts/cm/cmmi5.pfb><D:/CTEX/M
iKTeX/fonts/type1/public/amsfonts/cm/cmmi6.pfb><D:/CTEX/MiKTeX/fonts/type1/publ
ic/amsfonts/cm/cmmi7.pfb><D:/CTEX/MiKTeX/fonts/type1/public/amsfonts/cm/cmmi9.p
fb><D:/CTEX/MiKTeX/fonts/type1/public/amsfonts/cm/cmmib10.pfb><D:/CTEX/MiKTeX/f
onts/type1/public/amsfonts/cmextra/cmmib5.pfb><D:/CTEX/MiKTeX/fonts/type1/publi
c/amsfonts/cmextra/cmmib7.pfb><D:/CTEX/MiKTeX/fonts/type1/public/amsfonts/cm/cm
r10.pfb><D:/CTEX/MiKTeX/fonts/type1/public/amsfonts/cm/cmr5.pfb><D:/CTEX/MiKTeX
/fonts/type1/public/amsfonts/cm/cmr6.pfb><D:/CTEX/MiKTeX/fonts/type1/public/ams
fonts/cm/cmr7.pfb><D:/CTEX/MiKTeX/fonts/type1/public/amsfonts/cm/cmr9.pfb><D:/C
TEX/MiKTeX/fonts/type1/public/amsfonts/cm/cmss10.pfb><D:/CTEX/MiKTeX/fonts/type
1/public/amsfonts/cm/cmss8.pfb><D:/CTEX/MiKTeX/fonts/type1/public/amsfonts/cm/c
mss9.pfb><D:/CTEX/MiKTeX/fonts/type1/public/amsfonts/cm/cmsy10.pfb><D:/CTEX/MiK
TeX/fonts/type1/public/amsfonts/cm/cmsy5.pfb><D:/CTEX/MiKTeX/fonts/type1/public
/amsfonts/cm/cmsy7.pfb><D:/CTEX/MiKTeX/fonts/type1/public/amsfonts/cm/cmsy9.pfb
><D:/CTEX/MiKTeX/fonts/type1/public/amsfonts/symbols/msbm10.pfb><D:/CTEX/MiKTeX
/fonts/type1/public/amsfonts/symbols/msbm7.pfb><D:/CTEX/MiKTeX/fonts/type1/urw/
times/utmb8a.pfb><D:/CTEX/MiKTeX/fonts/type1/urw/times/utmr8a.pfb><D:/CTEX/MiKT
eX/fonts/type1/urw/times/utmri8a.pfb>
Output written on LNCS.pdf (27 pages, 493750 bytes).
PDF statistics:
 701 PDF objects out of 1000 (max. 8388607)
 202 named destinations out of 1000 (max. 500000)
 201 words of extra memory for PDF output out of 10000 (max. 10000000)

